Remove Pin=C63-2 From Net=PCIE_TX_N
Remove Pin=C65-2 From Net=PCIE_TX_P
Remove Pin=C69-2 From Net=SATA_RX_N
Remove Pin=C70-2 From Net=SATA_RX_P
Remove Pin=C71-2 From Net=SATA_TX_N
Remove Pin=C72-2 From Net=SATA_TX_P
Remove Pin=C290-2 From Net=HP_OUT_L
Remove Pin=C291-2 From Net=HP_OUT_R
Remove Pin=C294-1 From Net=MIC_IN
Remove Pin=J2-12 From Net=UART4_TXD_R
Remove Pin=J2-31 From Net=PWM2_OUT_R
Remove Pin=J3-2 From Net=UART1_RTS_FTDI
Remove Pin=J3-4 From Net=UART1_RXD_FTDI
Remove Pin=J3-5 From Net=UART1_TXD_FTDI
Remove Pin=J3-6 From Net=UART1_CTS_FTDI
Remove Pin=J9-3 From Net=PWR_SEL
Remove Pin=J12-2 From Net=CSI_D0_R_N
Remove Pin=J12-3 From Net=CSI_D0_R_P
Remove Pin=J12-5 From Net=CSI_D1_R_N
Remove Pin=J12-6 From Net=CSI_D1_R_P
Remove Pin=J12-8 From Net=CSI_CLK0_R_N
Remove Pin=J12-9 From Net=CSI_CLK0_R_P
Remove Pin=J12-11 From Net=LVDS0_CLK_R_N
Remove Pin=J12-12 From Net=LVDS0_CLK_R_P
Remove Pin=J15-8 From Net=+MPCIE_SIM_PWR
Remove Pin=J15-10 From Net=MPCIE_SIM_DATA
Remove Pin=J15-12 From Net=MPCIE_SIM_CLK
Remove Pin=J15-14 From Net=MPCIE_SIM_RST
Remove Pin=J15-16 From Net=+MPCIE_SIM_VPP
Remove Pin=J17-C4 From Net=MPCIE_SIM_C4
Remove Pin=J17-C8 From Net=MPCIE_SIM_C8
Remove Pin=JP1-2 From Net=PWR_SEL
Remove Pin=L3-3 From Net=USB_BOT_P
Remove Pin=L3-4 From Net=USB_BOT_N
Remove Pin=L4-3 From Net=USB0_OTG_N
Remove Pin=L4-4 From Net=USB0_OTG_P
Remove Pin=L5-3 From Net=USB_TOP_N
Remove Pin=L5-4 From Net=USB_TOP_P
Remove Pin=R1-1 From Net=DRAM_A
Remove Pin=R2-1 From Net=DRAM_SDBA0
Remove Pin=R3-1 From Net=DRAM_A
Remove Pin=R11-1 From Net=DRAM_SDBA1
Remove Pin=R12-1 From Net=DRAM_A
Remove Pin=R22-1 From Net=DRAM_SDBA2
Remove Pin=R23-2 From Net=HDMI_HPD
Remove Pin=R30-2 From Net=ENET_REF_CLK_R
Remove Pin=R31-1 From Net=DRAM_A
Remove Pin=R34-1 From Net=DRAM_RAS_B
Remove Pin=R35-2 From Net=RGMII_TXCLK
Remove Pin=R38-1 From Net=DRAM_A
Remove Pin=R39-1 From Net=DRAM_CAS_B
Remove Pin=R40-1 From Net=DRAM_A
Remove Pin=R41-1 From Net=FLEXCAN1_TX_BUFF
Remove Pin=R41-2 From Net=CAN_P
Remove Pin=R42-1 From Net=DRAM_WE_B
Remove Pin=R43-2 From Net=CSPI1_CLK
Remove Pin=R44-1 From Net=DRAM_A
Remove Pin=R45-1 From Net=DRAM_SDCKE0
Remove Pin=R50-1 From Net=DRAM_A
Remove Pin=R55-1 From Net=TAMPER
Remove Pin=R56-2 From Net=TEST_MODE
Remove Pin=R61-2 From Net=JTAG_MOD
Remove Pin=R66-1 From Net=DRAM_CS0_B
Remove Pin=R67-1 From Net=MPCIE_SIM_C8
Remove Pin=R72-1 From Net=DRAM_A
Remove Pin=R77-1 From Net=DRAM_SDODT0
Remove Pin=R79-1 From Net=DRAM_A
Remove Pin=R81-2 From Net=ENET_LED_LINK
Remove Pin=R82-2 From Net=ENET_LED_RX
Remove Pin=R83-1 From Net=RGMII_RXCLK
Remove Pin=R91-1 From Net=RGMII_RXDV
Remove Pin=R92-1 From Net=JTAG_TCK_R
Remove Pin=R94-1 From Net=LED1
Remove Pin=R95-1 From Net=RGMII_RXD3
Remove Pin=R96-1 From Net=RGMII_RXD2
Remove Pin=R97-1 From Net=RGMII_RXD1
Remove Pin=R98-1 From Net=RGMII_RXD0
Remove Pin=R101-2 From Net=RGMII_R_RXCLK
Remove Pin=R102-2 From Net=LED2
Remove Pin=R103-1 From Net=DRAM_A
Remove Pin=R104-1 From Net=MPCIE_SIM_C4
Remove Pin=R105-1 From Net=DRAM_A
Remove Pin=R106-1 From Net=DRAM_A
Remove Pin=R107-1 From Net=DRAM_A
Remove Pin=R108-1 From Net=DRAM_A
Remove Pin=R111-1 From Net=DRAM_A
Remove Pin=R112-2 From Net=DRAM_CLK0_N
Remove Pin=R113-2 From Net=DRAM_CLK1_N
Remove Pin=R117-1 From Net=FLEXCAN1_RX_BUFF
Remove Pin=R117-2 From Net=CAN_N
Remove Pin=R124-2 From Net=AUD3_TXC
Remove Pin=R130-2 From Net=CSPI2_CLK
Remove Pin=R131-2 From Net=CSPI3_CLK
Remove Pin=R153-2 From Net=SD2_CLK
Remove Pin=R161-2 From Net=JTAG_TDO
Remove Pin=R180-2 From Net=RGMII_RSTn_R
Remove Pin=R206-2 From Net=AUD3_CLK
Remove Pin=R253-2 From Net=DRAM_CLK0_P
Remove Pin=R256-2 From Net=DRAM_CLK1_P
Remove Pin=R271-1 From Net=WD_OUT
Remove Pin=R318-1 From Net=RSTOUTn
Remove Pin=R321-2 From Net=USBDN2_N
Remove Pin=R323-1 From Net=USB0_OTG_N
Remove Pin=R324-2 From Net=USBDN2_P
Remove Pin=R326-1 From Net=USB0_OTG_P
Remove Pin=R327-2 From Net=USBDN1_N
Remove Pin=R329-1 From Net=USB1_HUB_N
Remove Pin=R330-2 From Net=USBDN1_P
Remove Pin=R332-1 From Net=USB1_HUB_P
Remove Pin=R361-1 From Net=CSPI3_MCU_CLK
Remove Pin=R361-2 From Net=CSPI3_CLK
Remove Pin=R362-1 From Net=CSPI3_MCU_MOSI
Remove Pin=R362-2 From Net=CSPI3_MOSI
Remove Pin=R363-1 From Net=CSPI3_MCU_MISO
Remove Pin=R363-2 From Net=CSPI3_MISO
Remove Pin=R364-1 From Net=CSPI3_MCU_CS0
Remove Pin=R364-2 From Net=CSPI3_CS0
Remove Pin=R388-2 From Net=USB_CONNECTn
Remove Pin=TP13-1 From Net=JTAG_TDO
Remove Pin=TP22-1 From Net=CSPI3_MOSI
Remove Pin=TP23-1 From Net=CSPI3_MISO
Remove Pin=TP24-1 From Net=CSPI3_CLK
Remove Pin=TP25-1 From Net=CSPI3_CS0
Remove Pin=TP28-1 From Net=CSPI3_CS2
Remove Pin=TP29-1 From Net=UART2_TXD
Remove Pin=TP30-1 From Net=UART2_RXD
Remove Pin=U1E-A6 From Net=USB0_P
Remove Pin=U1P-A15 From Net=CSI_GPIO0
Remove Pin=U1Q-A16 From Net=USER_BTN_2
Remove Pin=U1P-A17 From Net=GPIO_OR_CLK
Remove Pin=U1Q-A18 From Net=USER_LED_1
Remove Pin=U1Q-A19 From Net=USER_LED_5
Remove Pin=U1P-A20 From Net=IR_RCV
Remove Pin=U1M-A22 From Net=SD2_DATA0
Remove Pin=U1M-A23 From Net=SD2_DATA2
Remove Pin=U1H-A24 From Net=RGMII_TXD3
Remove Pin=U1C-AA5 From Net=DRAM_D
Remove Pin=U1C-AA6 From Net=DRAM_D
Remove Pin=U1C-AA8 From Net=DRAM_D
Remove Pin=U1C-AA9 From Net=DRAM_D
Remove Pin=U1C-AA12 From Net=DRAM_A
Remove Pin=U1C-AA14 From Net=DRAM_A
Remove Pin=U1C-AA15 From Net=DRAM_A
Remove Pin=U1C-AA17 From Net=DRAM_D
Remove Pin=U1C-AA18 From Net=DRAM_D
Remove Pin=U1C-AA20 From Net=DRAM_D
Remove Pin=U1C-AA21 From Net=DRAM_D
Remove Pin=U1C-AA23 From Net=DRAM_D
Remove Pin=U1C-AA24 From Net=DRAM_DQS7_N
Remove Pin=U1C-AA25 From Net=DRAM_DQS7_P
Remove Pin=U1C-AB4 From Net=DRAM_D
Remove Pin=U1C-AB5 From Net=DRAM_D
Remove Pin=U1C-AB6 From Net=DRAM_D
Remove Pin=U1C-AB7 From Net=DRAM_D
Remove Pin=U1C-AB8 From Net=DRAM_DQM2
Remove Pin=U1C-AB9 From Net=DRAM_D
Remove Pin=U1C-AB10 From Net=DRAM_DQS3_N
Remove Pin=U1C-AB11 From Net=DRAM_D
Remove Pin=U1C-AB12 From Net=DRAM_SDBA2
Remove Pin=U1C-AB13 From Net=DRAM_A
Remove Pin=U1C-AB14 From Net=DRAM_A
Remove Pin=U1C-AB15 From Net=DRAM_RAS_B
Remove Pin=U1C-AB16 From Net=DRAM_WE_B
Remove Pin=U1C-AB18 From Net=DRAM_DQM4
Remove Pin=U1C-AB19 From Net=DRAM_D
Remove Pin=U1C-AB20 From Net=DRAM_D
Remove Pin=U1C-AB21 From Net=DRAM_D
Remove Pin=U1C-AB22 From Net=DRAM_D
Remove Pin=U1C-AB23 From Net=DRAM_D
Remove Pin=U1C-AB25 From Net=DRAM_D
Remove Pin=U1C-AC1 From Net=DRAM_D
Remove Pin=U1C-AC3 From Net=DRAM_DQM0
Remove Pin=U1C-AC4 From Net=DRAM_D
Remove Pin=U1C-AC5 From Net=DRAM_D
Remove Pin=U1C-AC6 From Net=DRAM_DQM1
Remove Pin=U1C-AC7 From Net=DRAM_D
Remove Pin=U1C-AC8 From Net=DRAM_D
Remove Pin=U1C-AC9 From Net=DRAM_D
Remove Pin=U1C-AC10 From Net=DRAM_DQS3_P
Remove Pin=U1C-AC11 From Net=DRAM_D
Remove Pin=U1C-AC12 From Net=DRAM_A
Remove Pin=U1C-AC13 From Net=DRAM_A
Remove Pin=U1C-AC14 From Net=DRAM_A
Remove Pin=U1C-AC15 From Net=DRAM_SDBA0
Remove Pin=U1C-AC16 From Net=DRAM_SDODT0
Remove Pin=U1C-AC17 From Net=DRAM_A
Remove Pin=U1C-AC18 From Net=DRAM_D
Remove Pin=U1C-AC19 From Net=DRAM_D
Remove Pin=U1C-AC20 From Net=DRAM_DQM5
Remove Pin=U1C-AC21 From Net=DRAM_D
Remove Pin=U1C-AC22 From Net=DRAM_D
Remove Pin=U1C-AC23 From Net=DRAM_D
Remove Pin=U1C-AC24 From Net=DRAM_D
Remove Pin=U1C-AC25 From Net=DRAM_D
Remove Pin=U1C-AD1 From Net=DRAM_D
Remove Pin=U1C-AD2 From Net=DRAM_D
Remove Pin=U1C-AD3 From Net=DRAM_DQS0_N
Remove Pin=U1C-AD5 From Net=DRAM_D
Remove Pin=U1C-AD6 From Net=DRAM_DQS1_P
Remove Pin=U1C-AD8 From Net=DRAM_DQS2_P
Remove Pin=U1C-AD9 From Net=DRAM_D
Remove Pin=U1C-AD11 From Net=DRAM_D
Remove Pin=U1C-AD12 From Net=DRAM_A
Remove Pin=U1C-AD18 From Net=DRAM_DQS4_P
Remove Pin=U1C-AD20 From Net=DRAM_DQS5_P
Remove Pin=U1C-AD21 From Net=DRAM_D
Remove Pin=U1C-AD23 From Net=DRAM_DQS6_P
Remove Pin=U1C-AD24 From Net=DRAM_DQM6
Remove Pin=U1C-AD25 From Net=DRAM_D
Remove Pin=U1C-AE2 From Net=DRAM_D
Remove Pin=U1C-AE3 From Net=DRAM_DQS0_P
Remove Pin=U1C-AE4 From Net=DRAM_D
Remove Pin=U1C-AE5 From Net=DRAM_D
Remove Pin=U1C-AE6 From Net=DRAM_DQS1_N
Remove Pin=U1C-AE7 From Net=DRAM_D
Remove Pin=U1C-AE8 From Net=DRAM_DQS2_N
Remove Pin=U1C-AE9 From Net=DRAM_D
Remove Pin=U1C-AE10 From Net=DRAM_DQM3
Remove Pin=U1C-AE11 From Net=DRAM_D
Remove Pin=U1C-AE12 From Net=DRAM_A
Remove Pin=U1C-AE13 From Net=DRAM_A
Remove Pin=U1C-AE16 From Net=DRAM_CAS_B
Remove Pin=U1C-AE18 From Net=DRAM_DQS4_N
Remove Pin=U1C-AE19 From Net=DRAM_D
Remove Pin=U1C-AE20 From Net=DRAM_DQS5_N
Remove Pin=U1C-AE21 From Net=DRAM_D
Remove Pin=U1C-AE22 From Net=DRAM_D
Remove Pin=U1C-AE23 From Net=DRAM_DQS6_N
Remove Pin=U1C-AE24 From Net=DRAM_D
Remove Pin=U1I-B1 From Net=PCIE_RX_N
Remove Pin=U1I-B2 From Net=PCIE_RX_P
Remove Pin=U1E-B6 From Net=USB0_N
Remove Pin=U1R-B13 From Net=FLEXCAN1_TX
Remove Pin=U1P-B15 From Net=CSI_GPIO1
Remove Pin=U1P-B16 From Net=CPU_GPIO1
Remove Pin=U1P-B17 From Net=CPU_GPIO0
Remove Pin=U1Q-B18 From Net=USER_LED_6
Remove Pin=U1P-B19 From Net=GPIO_OR_PWM_3
Remove Pin=U1M-B22 From Net=SD2_DATA3
Remove Pin=U1H-B23 From Net=RGMII_RXD1
Remove Pin=U1H-B24 From Net=RGMII_RXD2
Remove Pin=U1H-B25 From Net=RGMII_RXCLK
Remove Pin=U1A-C2 From Net=JTAG_nTRST
Remove Pin=U1A-C3 From Net=JTAG_TMS
Remove Pin=U1A-C11 From Net=POR_Bn
Remove Pin=U1A-C12 From Net=BOOT_MODE0
Remove Pin=U1K-C13 From Net=UART2_TXD
Remove Pin=U1Q-C15 From Net=USER_BTN_1
Remove Pin=U1Q-C17 From Net=USER_LED_2
Remove Pin=U1Q-C18 From Net=USER_LED_8
Remove Pin=U1H-C22 From Net=RGMII_TXD0
Remove Pin=U1H-C23 From Net=RGMII_TXEN
Remove Pin=U1H-C24 From Net=RGMII_RXD0
Remove Pin=U1S-D1 From Net=CSI_D1_N
Remove Pin=U1S-D2 From Net=CSI_D1_P
Remove Pin=U1K-D13 From Net=UART2_RXD
Remove Pin=U1R-D14 From Net=FLEXCAN1_RX
Remove Pin=U1Q-D17 From Net=USER_LED_4
Remove Pin=U1H-D22 From Net=RGMII_RXDV
Remove Pin=U1H-D23 From Net=RGMII_RXD3
Remove Pin=U1L-D24 From Net=CSPI1_MOSI
Remove Pin=U1K-D25 From Net=UART3_CTS
Remove Pin=U1S-E3 From Net=CSI_D0_P
Remove Pin=U1S-E4 From Net=CSI_D0_N
Remove Pin=U1E-E10 From Net=USB1_P
Remove Pin=U1A-E11 From Net=TAMPER
Remove Pin=U1A-E12 From Net=TEST_MODE
Remove Pin=U1R-E14 From Net=FLEXCAN2_TX
Remove Pin=U1Q-E15 From Net=USER_BTN_3
Remove Pin=U1Q-E17 From Net=USER_LED_7
Remove Pin=U1M-E20 From Net=SD2_DATA1
Remove Pin=U1H-E21 From Net=RGMII_TXD2
Remove Pin=U1L-E22 From Net=CSPI1_CS0
Remove Pin=U1P-E23 From Net=CPU_GPIO2
Remove Pin=U1S-F3 From Net=CSI_CLK0_P
Remove Pin=U1S-F4 From Net=CSI_CLK0_N
Remove Pin=U1E-F10 From Net=USB1_N
Remove Pin=U1A-F12 From Net=BOOT_MODE1
Remove Pin=U1R-F14 From Net=FLEXCAN2_RX
Remove Pin=U1Q-F16 From Net=USER_LED_3
Remove Pin=U1P-F17 From Net=GPIO_OR_PWM_4
Remove Pin=U1H-F20 From Net=RGMII_TXD1
Remove Pin=U1L-F21 From Net=CSPI1_MISO
Remove Pin=U1K-F22 From Net=UART3_TXD
Remove Pin=U1K-F23 From Net=UART3_RTS
Remove Pin=U1O-F24 From Net=VID_IN_CSI1_D17
Remove Pin=U1O-F25 From Net=VID_IN_CSI1_D19
Remove Pin=U1A-G5 From Net=JTAG_TDI_R
Remove Pin=U1K-G20 From Net=UART1_RTS
Remove Pin=U1K-G21 From Net=UART1_CTS
Remove Pin=U1K-G22 From Net=UART3_RXD
Remove Pin=U1O-G24 From Net=VID_IN_CSI1_D12
Remove Pin=U1O-G25 From Net=VID_IN_CSI1_D14
Remove Pin=U1A-H5 From Net=JTAG_TCK_R
Remove Pin=U1A-H6 From Net=JTAG_MOD
Remove Pin=U1A-H19 From Net=RSTOUTn_R
Remove Pin=U1O-H22 From Net=VID_IN_CSI1_D15
Remove Pin=U1O-H23 From Net=VID_IN_CSI1_D16
Remove Pin=U1O-H25 From Net=VID_IN_CSI1_PIXCLK
Remove Pin=U1G-J3 From Net=HDMI_D1_N
Remove Pin=U1G-J4 From Net=HDMI_D1_P
Remove Pin=U1G-J5 From Net=HDMI_CLK_N
Remove Pin=U1G-J6 From Net=HDMI_CLK_P
Remove Pin=U1O-J21 From Net=VID_IN_CSI1_D18
Remove Pin=U1O-J22 From Net=VID_IN_CSI1_D13
Remove Pin=U1O-J25 From Net=VID_IN_CSI1_D8
Remove Pin=U1G-K3 From Net=HDMI_D2_N
Remove Pin=U1G-K4 From Net=HDMI_D2_P
Remove Pin=U1G-K5 From Net=HDMI_D0_N
Remove Pin=U1G-K6 From Net=HDMI_D0_P
Remove Pin=U1B-K7 From Net=+NVCC_MIPI
Remove Pin=U1O-K21 From Net=VID_IN_CSI1_D11
Remove Pin=U1O-K22 From Net=VID_IN_CSI1_INT
Remove Pin=U1O-K23 From Net=VID_IN_CSI1_D10
Remove Pin=U1O-K24 From Net=VID_IN_CSI1_D6
Remove Pin=U1O-K25 From Net=VID_IN_CSI1_D3
Remove Pin=U1O-L20 From Net=VID_IN_CSI1_D9
Remove Pin=U1O-L21 From Net=VID_IN_CSI1_D7
Remove Pin=U1O-L22 From Net=VID_IN_CSI1_D5
Remove Pin=U1O-L23 From Net=VID_IN_CSI1_D4
Remove Pin=U1O-L24 From Net=VID_IN_CSI1_D1
Remove Pin=U1O-L25 From Net=VID_IN_CSI1_D2
Remove Pin=U1K-M1 From Net=UART1_TXD
Remove Pin=U1K-M3 From Net=UART1_RXD
Remove Pin=U1O-M20 From Net=VID_IN_CSI1_HSYNC
Remove Pin=U1O-M21 From Net=VID_IN_CSI1_D0
Remove Pin=U1O-M22 From Net=VID_IN_CSI1_DE
Remove Pin=U1O-M23 From Net=VID_IN_CSI1_INT2
Remove Pin=U1O-M24 From Net=VID_IN_CSI1_VSYNC
Remove Pin=U1J-N3 From Net=AUD3_RXD
Remove Pin=U1J-N4 From Net=AUD3_TXFS
Remove Pin=U1B-N7 From Net=+NVCC_CSI
Remove Pin=U1O-N22 From Net=VID_IN_CSI1_RSTn_R
Remove Pin=U1J-P2 From Net=AUD3_TXD
Remove Pin=U1I-P3 From Net=PCIE_WAKE
Remove Pin=U1L-P21 From Net=CSPI3_CS0
Remove Pin=U1L-P22 From Net=CSPI3_MOSI
Remove Pin=U1L-P23 From Net=CSPI3_MISO
Remove Pin=U1B-R19 From Net=+NVCC_ENET
Remove Pin=U1P-R22 From Net=GPIO_OR_PWM_1
Remove Pin=U1L-R25 From Net=CSPI3_CS2
Remove Pin=U1A-T2 From Net=WD_OUT
Remove Pin=U1M-T3 From Net=SD2_ACT
Remove Pin=U1E-T4 From Net=USB0_ID
Remove Pin=U1L-T21 From Net=CSPI2_MOSI
Remove Pin=U1L-T22 From Net=CSPI1_CS1
Remove Pin=U1P-T25 From Net=GPIO_OR_PWM_2
Remove Pin=U1F-U1 From Net=LVDS0_TX0_P
Remove Pin=U1F-U2 From Net=LVDS0_TX0_N
Remove Pin=U1F-U3 From Net=LVDS0_TX1_P
Remove Pin=U1F-U4 From Net=LVDS0_TX1_N
Remove Pin=U1K-U6 From Net=UART5_RXD
Remove Pin=U1K-U7 From Net=UART5_TXD
Remove Pin=U1A-U21 From Net=RGMII_RSTn_R
Remove Pin=U1L-U24 From Net=CSPI2_MISO
Remove Pin=U1F-V1 From Net=LVDS0_TX2_P
Remove Pin=U1F-V2 From Net=LVDS0_TX2_N
Remove Pin=U1F-V3 From Net=LVDS0_CLK_P
Remove Pin=U1F-V4 From Net=LVDS0_CLK_N
Remove Pin=U1I-V5 From Net=PCIE_RSTn_R
Remove Pin=U1K-V6 From Net=UART4_RXD
Remove Pin=U1H-V20 From Net=RGMII_MDC
Remove Pin=U1H-V22 From Net=ENET_REF_CLK
Remove Pin=U1H-V23 From Net=RGMII_MDIO
Remove Pin=U1L-V25 From Net=CSPI2_CS0
Remove Pin=U1F-W1 From Net=LVDS0_TX3_P
Remove Pin=U1F-W2 From Net=LVDS0_TX3_N
Remove Pin=U1K-W5 From Net=UART4_TXD
Remove Pin=U1C-W14 From Net=DRAM_A
Remove Pin=U1C-W25 From Net=DRAM_D
Remove Pin=U1C-Y7 From Net=DRAM_D
Remove Pin=U1C-Y8 From Net=DRAM_D
Remove Pin=U1C-Y9 From Net=DRAM_D
Remove Pin=U1C-Y10 From Net=DRAM_D
Remove Pin=U1C-Y12 From Net=DRAM_A
Remove Pin=U1C-Y13 From Net=DRAM_A
Remove Pin=U1C-Y14 From Net=DRAM_A
Remove Pin=U1C-Y15 From Net=DRAM_SDBA1
Remove Pin=U1C-Y16 From Net=DRAM_CS0_B
Remove Pin=U1C-Y17 From Net=DRAM_D
Remove Pin=U1C-Y18 From Net=DRAM_D
Remove Pin=U1C-Y19 From Net=DRAM_D
Remove Pin=U1C-Y20 From Net=DRAM_D
Remove Pin=U1C-Y21 From Net=DRAM_DQM7
Remove Pin=U1C-Y22 From Net=DRAM_D
Remove Pin=U1C-Y23 From Net=DRAM_D
Remove Pin=U1C-Y25 From Net=DRAM_D
Remove Pin=U2-A2 From Net=DRAM_D
Remove Pin=U2-A3 From Net=DRAM_D
Remove Pin=U2-A7 From Net=DRAM_D
Remove Pin=U2-B7 From Net=DRAM_DQS1_N
Remove Pin=U2-B8 From Net=DRAM_D
Remove Pin=U2-C2 From Net=DRAM_D
Remove Pin=U2-C3 From Net=DRAM_D
Remove Pin=U2-C7 From Net=DRAM_DQS1_P
Remove Pin=U2-C8 From Net=DRAM_D
Remove Pin=U2-D3 From Net=DRAM_DQM1
Remove Pin=U2-D7 From Net=DRAM_D
Remove Pin=U2-E3 From Net=DRAM_D
Remove Pin=U2-E7 From Net=DRAM_DQM0
Remove Pin=U2-F2 From Net=DRAM_D
Remove Pin=U2-F3 From Net=DRAM_DQS0_P
Remove Pin=U2-F7 From Net=DRAM_D
Remove Pin=U2-F8 From Net=DRAM_D
Remove Pin=U2-G2 From Net=DRAM_D
Remove Pin=U2-G3 From Net=DRAM_DQS0_N
Remove Pin=U2-H3 From Net=DRAM_D
Remove Pin=U2-H7 From Net=DRAM_D
Remove Pin=U2-H8 From Net=DRAM_D
Remove Pin=U2-J3 From Net=DRAM_RAS_B
Remove Pin=U2-J7 From Net=DRAM_CLK0_P
Remove Pin=U2-K1 From Net=DRAM_SDODT0
Remove Pin=U2-K3 From Net=DRAM_CAS_B
Remove Pin=U2-K7 From Net=DRAM_CLK0_N
Remove Pin=U2-K9 From Net=DRAM_SDCKE0
Remove Pin=U2-L2 From Net=DRAM_CS0_B
Remove Pin=U2-L3 From Net=DRAM_WE_B
Remove Pin=U2-L7 From Net=DRAM_A
Remove Pin=U2-M2 From Net=DRAM_SDBA0
Remove Pin=U2-M3 From Net=DRAM_SDBA2
Remove Pin=U2-M7 From Net=DRAM_A
Remove Pin=U2-N2 From Net=DRAM_A
Remove Pin=U2-N3 From Net=DRAM_A
Remove Pin=U2-N7 From Net=DRAM_A
Remove Pin=U2-N8 From Net=DRAM_SDBA1
Remove Pin=U2-P2 From Net=DRAM_A
Remove Pin=U2-P3 From Net=DRAM_A
Remove Pin=U2-P7 From Net=DRAM_A
Remove Pin=U2-P8 From Net=DRAM_A
Remove Pin=U2-R2 From Net=DRAM_A
Remove Pin=U2-R3 From Net=DRAM_A
Remove Pin=U2-R7 From Net=DRAM_A
Remove Pin=U2-R8 From Net=DRAM_A
Remove Pin=U2-T2 From Net=DRAM_RESET_B
Remove Pin=U2-T3 From Net=DRAM_A
Remove Pin=U2-T7 From Net=DRAM_A
Remove Pin=U2-T8 From Net=DRAM_A
Remove Pin=U3-A2 From Net=DRAM_D
Remove Pin=U3-A3 From Net=DRAM_D
Remove Pin=U3-A7 From Net=DRAM_D
Remove Pin=U3-B7 From Net=DRAM_DQS3_N
Remove Pin=U3-B8 From Net=DRAM_D
Remove Pin=U3-C2 From Net=DRAM_D
Remove Pin=U3-C3 From Net=DRAM_D
Remove Pin=U3-C7 From Net=DRAM_DQS3_P
Remove Pin=U3-C8 From Net=DRAM_D
Remove Pin=U3-D3 From Net=DRAM_DQM3
Remove Pin=U3-D7 From Net=DRAM_D
Remove Pin=U3-E3 From Net=DRAM_D
Remove Pin=U3-E7 From Net=DRAM_DQM2
Remove Pin=U3-F2 From Net=DRAM_D
Remove Pin=U3-F3 From Net=DRAM_DQS2_P
Remove Pin=U3-F7 From Net=DRAM_D
Remove Pin=U3-F8 From Net=DRAM_D
Remove Pin=U3-G2 From Net=DRAM_D
Remove Pin=U3-G3 From Net=DRAM_DQS2_N
Remove Pin=U3-H3 From Net=DRAM_D
Remove Pin=U3-H7 From Net=DRAM_D
Remove Pin=U3-H8 From Net=DRAM_D
Remove Pin=U3-J3 From Net=DRAM_RAS_B
Remove Pin=U3-J7 From Net=DRAM_CLK0_P
Remove Pin=U3-K1 From Net=DRAM_SDODT0
Remove Pin=U3-K3 From Net=DRAM_CAS_B
Remove Pin=U3-K7 From Net=DRAM_CLK0_N
Remove Pin=U3-K9 From Net=DRAM_SDCKE0
Remove Pin=U3-L2 From Net=DRAM_CS0_B
Remove Pin=U3-L3 From Net=DRAM_WE_B
Remove Pin=U3-L7 From Net=DRAM_A
Remove Pin=U3-M2 From Net=DRAM_SDBA0
Remove Pin=U3-M3 From Net=DRAM_SDBA2
Remove Pin=U3-M7 From Net=DRAM_A
Remove Pin=U3-N2 From Net=DRAM_A
Remove Pin=U3-N3 From Net=DRAM_A
Remove Pin=U3-N7 From Net=DRAM_A
Remove Pin=U3-N8 From Net=DRAM_SDBA1
Remove Pin=U3-P2 From Net=DRAM_A
Remove Pin=U3-P3 From Net=DRAM_A
Remove Pin=U3-P7 From Net=DRAM_A
Remove Pin=U3-P8 From Net=DRAM_A
Remove Pin=U3-R2 From Net=DRAM_A
Remove Pin=U3-R3 From Net=DRAM_A
Remove Pin=U3-R7 From Net=DRAM_A
Remove Pin=U3-R8 From Net=DRAM_A
Remove Pin=U3-T2 From Net=DRAM_RESET_B
Remove Pin=U3-T3 From Net=DRAM_A
Remove Pin=U3-T7 From Net=DRAM_A
Remove Pin=U3-T8 From Net=DRAM_A
Remove Pin=U4-A2 From Net=DRAM_D
Remove Pin=U4-A3 From Net=DRAM_D
Remove Pin=U4-A7 From Net=DRAM_D
Remove Pin=U4-B7 From Net=DRAM_DQS5_N
Remove Pin=U4-B8 From Net=DRAM_D
Remove Pin=U4-C2 From Net=DRAM_D
Remove Pin=U4-C3 From Net=DRAM_D
Remove Pin=U4-C7 From Net=DRAM_DQS5_P
Remove Pin=U4-C8 From Net=DRAM_D
Remove Pin=U4-D3 From Net=DRAM_DQM5
Remove Pin=U4-D7 From Net=DRAM_D
Remove Pin=U4-E3 From Net=DRAM_D
Remove Pin=U4-E7 From Net=DRAM_DQM4
Remove Pin=U4-F2 From Net=DRAM_D
Remove Pin=U4-F3 From Net=DRAM_DQS4_P
Remove Pin=U4-F7 From Net=DRAM_D
Remove Pin=U4-F8 From Net=DRAM_D
Remove Pin=U4-G2 From Net=DRAM_D
Remove Pin=U4-G3 From Net=DRAM_DQS4_N
Remove Pin=U4-H3 From Net=DRAM_D
Remove Pin=U4-H7 From Net=DRAM_D
Remove Pin=U4-H8 From Net=DRAM_D
Remove Pin=U4-J3 From Net=DRAM_RAS_B
Remove Pin=U4-J7 From Net=DRAM_CLK0_P
Remove Pin=U4-K1 From Net=DRAM_SDODT0
Remove Pin=U4-K3 From Net=DRAM_CAS_B
Remove Pin=U4-K7 From Net=DRAM_CLK0_N
Remove Pin=U4-K9 From Net=DRAM_SDCKE0
Remove Pin=U4-L2 From Net=DRAM_CS0_B
Remove Pin=U4-L3 From Net=DRAM_WE_B
Remove Pin=U4-L7 From Net=DRAM_A
Remove Pin=U4-M2 From Net=DRAM_SDBA0
Remove Pin=U4-M3 From Net=DRAM_SDBA2
Remove Pin=U4-M7 From Net=DRAM_A
Remove Pin=U4-N2 From Net=DRAM_A
Remove Pin=U4-N3 From Net=DRAM_A
Remove Pin=U4-N7 From Net=DRAM_A
Remove Pin=U4-N8 From Net=DRAM_SDBA1
Remove Pin=U4-P2 From Net=DRAM_A
Remove Pin=U4-P3 From Net=DRAM_A
Remove Pin=U4-P7 From Net=DRAM_A
Remove Pin=U4-P8 From Net=DRAM_A
Remove Pin=U4-R2 From Net=DRAM_A
Remove Pin=U4-R3 From Net=DRAM_A
Remove Pin=U4-R7 From Net=DRAM_A
Remove Pin=U4-R8 From Net=DRAM_A
Remove Pin=U4-T2 From Net=DRAM_RESET_B
Remove Pin=U4-T3 From Net=DRAM_A
Remove Pin=U4-T7 From Net=DRAM_A
Remove Pin=U4-T8 From Net=DRAM_A
Remove Pin=U5-A2 From Net=DRAM_D
Remove Pin=U5-A3 From Net=DRAM_D
Remove Pin=U5-A7 From Net=DRAM_D
Remove Pin=U5-B7 From Net=DRAM_DQS7_N
Remove Pin=U5-B8 From Net=DRAM_D
Remove Pin=U5-C2 From Net=DRAM_D
Remove Pin=U5-C3 From Net=DRAM_D
Remove Pin=U5-C7 From Net=DRAM_DQS7_P
Remove Pin=U5-C8 From Net=DRAM_D
Remove Pin=U5-D3 From Net=DRAM_DQM7
Remove Pin=U5-D7 From Net=DRAM_D
Remove Pin=U5-E3 From Net=DRAM_D
Remove Pin=U5-E7 From Net=DRAM_DQM6
Remove Pin=U5-F2 From Net=DRAM_D
Remove Pin=U5-F3 From Net=DRAM_DQS6_P
Remove Pin=U5-F7 From Net=DRAM_D
Remove Pin=U5-F8 From Net=DRAM_D
Remove Pin=U5-G2 From Net=DRAM_D
Remove Pin=U5-G3 From Net=DRAM_DQS6_N
Remove Pin=U5-H3 From Net=DRAM_D
Remove Pin=U5-H7 From Net=DRAM_D
Remove Pin=U5-H8 From Net=DRAM_D
Remove Pin=U5-J3 From Net=DRAM_RAS_B
Remove Pin=U5-J7 From Net=DRAM_CLK0_P
Remove Pin=U5-K1 From Net=DRAM_SDODT0
Remove Pin=U5-K3 From Net=DRAM_CAS_B
Remove Pin=U5-K7 From Net=DRAM_CLK0_N
Remove Pin=U5-K9 From Net=DRAM_SDCKE0
Remove Pin=U5-L2 From Net=DRAM_CS0_B
Remove Pin=U5-L3 From Net=DRAM_WE_B
Remove Pin=U5-L7 From Net=DRAM_A
Remove Pin=U5-M2 From Net=DRAM_SDBA0
Remove Pin=U5-M3 From Net=DRAM_SDBA2
Remove Pin=U5-M7 From Net=DRAM_A
Remove Pin=U5-N2 From Net=DRAM_A
Remove Pin=U5-N3 From Net=DRAM_A
Remove Pin=U5-N7 From Net=DRAM_A
Remove Pin=U5-N8 From Net=DRAM_SDBA1
Remove Pin=U5-P2 From Net=DRAM_A
Remove Pin=U5-P3 From Net=DRAM_A
Remove Pin=U5-P7 From Net=DRAM_A
Remove Pin=U5-P8 From Net=DRAM_A
Remove Pin=U5-R2 From Net=DRAM_A
Remove Pin=U5-R3 From Net=DRAM_A
Remove Pin=U5-R7 From Net=DRAM_A
Remove Pin=U5-R8 From Net=DRAM_A
Remove Pin=U5-T2 From Net=DRAM_RESET_B
Remove Pin=U5-T3 From Net=DRAM_A
Remove Pin=U5-T7 From Net=DRAM_A
Remove Pin=U5-T8 From Net=DRAM_A
Remove Pin=U6-31 From Net=UART2_TXD
Remove Pin=U6-32 From Net=UART2_RXD
Remove Pin=U7-2 From Net=TRD0_P
Remove Pin=U7-3 From Net=TRD0_N
Remove Pin=U7-5 From Net=TRD1_P
Remove Pin=U7-6 From Net=TRD1_N
Remove Pin=U7-7 From Net=TRD2_P
Remove Pin=U7-8 From Net=TRD2_N
Remove Pin=U7-10 From Net=TRD3_P
Remove Pin=U7-11 From Net=TRD3_N
Remove Pin=U7-19 From Net=RGMII_TXD0
Remove Pin=U7-20 From Net=RGMII_TXD1
Remove Pin=U7-21 From Net=RGMII_TXD2
Remove Pin=U7-22 From Net=RGMII_TXD3
Remove Pin=U7-24 From Net=RGMII_TXCLK
Remove Pin=U7-25 From Net=RGMII_TXEN
Remove Pin=U7-27 From Net=RGMII_RXD3
Remove Pin=U7-28 From Net=RGMII_RXD2
Remove Pin=U7-31 From Net=RGMII_RXD1
Remove Pin=U7-32 From Net=RGMII_RXD0
Remove Pin=U7-33 From Net=RGMII_RXDV
Remove Pin=U12-4 From Net=HDMI_D2_P
Remove Pin=U12-6 From Net=HDMI_D2_N
Remove Pin=U12-7 From Net=HDMI_D1_P
Remove Pin=U12-9 From Net=HDMI_D1_N
Remove Pin=U12-10 From Net=HDMI_D0_P
Remove Pin=U12-12 From Net=HDMI_D0_N
Remove Pin=U12-13 From Net=HDMI_CLK_P
Remove Pin=U12-15 From Net=HDMI_CLK_N
Remove Pin=U13-1 From Net=USBDN1_N
Remove Pin=U13-2 From Net=USBDN1_P
Remove Pin=U13-3 From Net=USBDN2_N
Remove Pin=U13-4 From Net=USBDN2_P
Remove Pin=U13-6 From Net=USBDN3_N
Remove Pin=U13-7 From Net=USBDN3_P
Remove Pin=U13-8 From Net=USB_MPCIE_N
Remove Pin=U13-9 From Net=USB_MPCIE_P
Remove Pin=U13-12 From Net=USBDN1_PWR_EN
Remove Pin=U13-13 From Net=USBDN1_OC
Remove Pin=U13-16 From Net=USBDN2_PWR_EN
Remove Pin=U13-17 From Net=USBDN2_OC
Remove Pin=U13-30 From Net=USB1_HUB_N
Remove Pin=U13-31 From Net=USB1_HUB_P
Remove Pin=U14-15 From Net=MIC_IN
Remove Pin=U14-16 From Net=MIC_BIAS
Remove Pin=U15-1 From Net=CSPI3_CS2
Remove Pin=U15-2 From Net=CSPI3_MISO
Remove Pin=U15-5 From Net=CSPI3_MOSI
Remove Pin=U15-6 From Net=CSPI3_CLK
Remove Pin=U17-1 From Net=USBDN1_PWR_EN
Remove Pin=U17-4 From Net=USBDN2_PWR_EN
Remove Pin=U22-4 From Net=I2C1_SCL
Remove Pin=U22-6 From Net=I2C1_SDA
Remove Pin=U24-1 From Net=I2C2_SCL
Remove Pin=U24-6 From Net=I2C2_SDA
Remove Pin=U26-1 From Net=I2C2_SDA
Remove Pin=U26-6 From Net=I2C2_SCL
Remove Pin=U28-11 From Net=I2C1_SCL
Remove Pin=U28-12 From Net=I2C1_SDA
Remove Pin=U29-2 From Net=RSTOUTn
Remove Pin=U34-4 From Net=CSPI3_CLK
Remove Pin=U34-5 From Net=CSPI3_MOSI
Remove Pin=U34-6 From Net=CSPI3_MCU_MISO
Remove Pin=U34-7 From Net=CSPI3_CS0
Remove Pin=U34-10 From Net=CSPI3_MCU_CS0
Remove Pin=U34-11 From Net=CSPI3_MISO
Remove Pin=U34-12 From Net=CSPI3_MCU_MOSI
Remove Pin=U34-13 From Net=CSPI3_MCU_CLK
